<?xml version="1.0" encoding="UTF-8"?>
<testng-results ignored="0" total="1" passed="1" failed="0" skipped="0">
  <reporter-output>
  </reporter-output>
  <suite started-at="2024-12-12T10:19:19 GMT" name="Default suite" finished-at="2024-12-12T10:19:36 GMT" duration-ms="17890">
    <groups>
    </groups>
    <test started-at="2024-12-12T10:19:19 GMT" name="Default test" finished-at="2024-12-12T10:19:36 GMT" duration-ms="17890">
      <class name="com.demowebshop.tests.WishlistTest">
        <test-method is-config="true" signature="openBrowser()[pri:0, instance:com.demowebshop.tests.WishlistTest@1a942c18]" started-at="2024-12-12T10:19:11 GMT" name="openBrowser" finished-at="2024-12-12T10:19:19 GMT" duration-ms="7176" status="PASS">
          <reporter-output>
          </reporter-output>
        </test-method> <!-- openBrowser -->
        <test-method signature="openWishlistPage()[pri:0, instance:com.demowebshop.tests.WishlistTest@1a942c18]" started-at="2024-12-12T10:19:19 GMT" name="openWishlistPage" finished-at="2024-12-12T10:19:36 GMT" duration-ms="17811" status="PASS">
          <reporter-output>
          </reporter-output>
        </test-method> <!-- openWishlistPage -->
        <test-method is-config="true" signature="closeBrowser()[pri:0, instance:com.demowebshop.tests.WishlistTest@1a942c18]" started-at="2024-12-12T10:19:37 GMT" name="closeBrowser" finished-at="2024-12-12T10:19:37 GMT" duration-ms="394" status="PASS">
          <reporter-output>
          </reporter-output>
        </test-method> <!-- closeBrowser -->
      </class> <!-- com.demowebshop.tests.WishlistTest -->
    </test> <!-- Default test -->
  </suite> <!-- Default suite -->
</testng-results>
