<?xml version="1.0" encoding="UTF-8"?>
<testng-results ignored="0" total="1" passed="1" failed="0" skipped="0">
  <reporter-output>
  </reporter-output>
  <suite started-at="2024-12-11T12:27:13 GMT" name="Default suite" finished-at="2024-12-11T12:27:19 GMT" duration-ms="6651">
    <groups>
    </groups>
    <test started-at="2024-12-11T12:27:13 GMT" name="Default test" finished-at="2024-12-11T12:27:19 GMT" duration-ms="6651">
      <class name="com.demowebshop.tests.RegisterTest">
        <test-method is-config="true" signature="openBrowser()[pri:0, instance:com.demowebshop.tests.RegisterTest@5ab956d7]" started-at="2024-12-11T12:27:05 GMT" name="openBrowser" finished-at="2024-12-11T12:27:13 GMT" duration-ms="7275" status="PASS">
          <reporter-output>
          </reporter-output>
        </test-method> <!-- openBrowser -->
        <test-method signature="registerintotheDemoShopWebsite()[pri:0, instance:com.demowebshop.tests.RegisterTest@5ab956d7]" started-at="2024-12-11T12:27:13 GMT" name="registerintotheDemoShopWebsite" finished-at="2024-12-11T12:27:19 GMT" duration-ms="6578" status="PASS">
          <reporter-output>
          </reporter-output>
        </test-method> <!-- registerintotheDemoShopWebsite -->
        <test-method is-config="true" signature="closeBrowser()[pri:0, instance:com.demowebshop.tests.RegisterTest@5ab956d7]" started-at="2024-12-11T12:27:19 GMT" name="closeBrowser" finished-at="2024-12-11T12:27:20 GMT" duration-ms="669" status="PASS">
          <reporter-output>
          </reporter-output>
        </test-method> <!-- closeBrowser -->
      </class> <!-- com.demowebshop.tests.RegisterTest -->
    </test> <!-- Default test -->
  </suite> <!-- Default suite -->
</testng-results>
